Using pre-set license
Built from '2021.1/staging' branch; Version is '2021.1.6f1 (c0fade0cc7e9) revision 12647134'; Using compiler version '192528614'; Build Type 'Release'
OS: 'Windows 10 Home; OS build 22000.282; Version 2009; 64bit' Language: 'en' Physical Memory: 16325 MB
BatchMode: 1, IsHumanControllingUs: 0, StartBugReporterOnCrash: 0, Is64bit: 1, IsPro: 0

 COMMAND LINE ARGUMENTS:
C:\Program Files\Unity\Hub\Editor\2021.1.6f1\Editor\Unity.exe
-adb2
-batchMode
-noUpm
-name
AssetImportWorker0
-projectPath
C:/Users/Devan/Desktop/Unity/INEMURI
-logFile
Logs/AssetImportWorker0.log
-srvPort
52939
Successfully changed project path to: C:/Users/Devan/Desktop/Unity/INEMURI
C:/Users/Devan/Desktop/Unity/INEMURI
Using Asset Import Pipeline V2.
Refreshing native plugins compatible for Editor in 92.90 ms, found 2 plugins.
Preloading 0 native plugins for Editor in 0.00 ms.
Initialize engine version: 2021.1.6f1 (c0fade0cc7e9)
[Subsystems] Discovering subsystems at path C:/Program Files/Unity/Hub/Editor/2021.1.6f1/Editor/Data/Resources/UnitySubsystems
[Subsystems] Discovering subsystems at path C:/Users/Devan/Desktop/Unity/INEMURI/Assets
GfxDevice: creating device client; threaded=0; jobified=0
Direct3D:
    Version:  Direct3D 11.0 [level 11.1]
    Renderer: NVIDIA GeForce RTX 3060 Ti (ID=0x2489)
    Vendor:   NVIDIA
    VRAM:     8050 MB
    Driver:   30.0.14.9613
Initialize mono
Mono path[0] = 'C:/Program Files/Unity/Hub/Editor/2021.1.6f1/Editor/Data/Managed'
Mono path[1] = 'C:/Program Files/Unity/Hub/Editor/2021.1.6f1/Editor/Data/MonoBleedingEdge/lib/mono/unityjit'
Mono config path = 'C:/Program Files/Unity/Hub/Editor/2021.1.6f1/Editor/Data/MonoBleedingEdge/etc'
Using monoOptions --debugger-agent=transport=dt_socket,embedding=1,server=y,suspend=n,address=127.0.0.1:56172
Begin MonoManager ReloadAssembly
Registering precompiled unity dll's ...
Register platform support module: C:/Program Files/Unity/Hub/Editor/2021.1.6f1/Editor/Data/PlaybackEngines/WindowsStandaloneSupport/UnityEditor.WindowsStandalone.Extensions.dll
Registered in 0.001582 seconds.
Native extension for WindowsStandalone target not found
Refreshing native plugins compatible for Editor in 99.37 ms, found 2 plugins.
Preloading 0 native plugins for Editor in 0.00 ms.
Mono: successfully reloaded assembly
- Completed reload, in  1.773 seconds
Platform modules already initialized, skipping
Registering precompiled user dll's ...
Registered in 0.003427 seconds.
Begin MonoManager ReloadAssembly
Native extension for WindowsStandalone target not found
Refreshing native plugins compatible for Editor in 93.87 ms, found 2 plugins.
Preloading 0 native plugins for Editor in 0.00 ms.
Mono: successfully reloaded assembly
- Completed reload, in  1.093 seconds
Platform modules already initialized, skipping
========================================================================
Worker process is ready to serve import requests
Launched and connected shader compiler UnityShaderCompiler.exe after 0.05 seconds
Refreshing native plugins compatible for Editor in 0.59 ms, found 2 plugins.
Preloading 0 native plugins for Editor in 0.00 ms.
Unloading 3385 Unused Serialized files (Serialized files now loaded: 0)
System memory in use before: 128.3 MB.
System memory in use after: 128.4 MB.

Unloading 29 unused Assets to reduce memory usage. Loaded Objects now: 3838.
Total: 2.494700 ms (FindLiveObjects: 0.242800 ms CreateObjectMapping: 0.154000 ms MarkObjects: 1.978400 ms  DeleteObjects: 0.118800 ms)

========================================================================
Received Import Request.
  path: Assets/Prefabs/EnemyType2.prefab
  artifactKey: Guid(4d491055591f19044927b31489d01178) Importer(815301076,1909f56bfc062723c751e8b465ee728b)
Start importing Assets/Prefabs/EnemyType2.prefab using Guid(4d491055591f19044927b31489d01178) Importer(815301076,1909f56bfc062723c751e8b465ee728b)  -> (artifact id: '3e92a035e385d4ec323a930b56734ad4') in 0.129524 seconds 
========================================================================
Received Import Request.
  Time since last request: 50.349615 seconds.
  path: Assets/Scripts/PinEnemy.cs
  artifactKey: Guid(c8c362c0151a0c14fa8d1aea0b42a6ed) Importer(815301076,1909f56bfc062723c751e8b465ee728b)
Start importing Assets/Scripts/PinEnemy.cs using Guid(c8c362c0151a0c14fa8d1aea0b42a6ed) Importer(815301076,1909f56bfc062723c751e8b465ee728b)  -> (artifact id: '08e5b67b856f443eb4ff0211dfa9643f') in 0.052797 seconds 
========================================================================
Received Import Request.
  Time since last request: 196.972114 seconds.
  path: Assets/Prefabs/EnemyType2.prefab
  artifactKey: Guid(4d491055591f19044927b31489d01178) Importer(815301076,1909f56bfc062723c751e8b465ee728b)
Start importing Assets/Prefabs/EnemyType2.prefab using Guid(4d491055591f19044927b31489d01178) Importer(815301076,1909f56bfc062723c751e8b465ee728b)  -> (artifact id: 'e038752864ac12b1b0c1234bfefe777c') in 0.017007 seconds 
========================================================================
Received Import Request.
  Time since last request: 242.308590 seconds.
  path: Assets/Prefabs/EnemyType2.prefab
  artifactKey: Guid(4d491055591f19044927b31489d01178) Importer(815301076,1909f56bfc062723c751e8b465ee728b)
Start importing Assets/Prefabs/EnemyType2.prefab using Guid(4d491055591f19044927b31489d01178) Importer(815301076,1909f56bfc062723c751e8b465ee728b)  -> (artifact id: 'b94202e32c4c5874e1c197b541ad769f') in 0.015055 seconds 
========================================================================
Received Prepare
Registering precompiled user dll's ...
Registered in 0.003110 seconds.
Begin MonoManager ReloadAssembly
Native extension for WindowsStandalone target not found
Refreshing native plugins compatible for Editor in 0.60 ms, found 2 plugins.
Preloading 0 native plugins for Editor in 0.00 ms.
Mono: successfully reloaded assembly
- Completed reload, in  0.936 seconds
Platform modules already initialized, skipping
Refreshing native plugins compatible for Editor in 0.72 ms, found 2 plugins.
Preloading 0 native plugins for Editor in 0.00 ms.
Unloading 3380 Unused Serialized files (Serialized files now loaded: 0)
System memory in use before: 132.0 MB.
System memory in use after: 132.1 MB.

Unloading 17 unused Assets to reduce memory usage. Loaded Objects now: 3848.
Total: 2.785600 ms (FindLiveObjects: 0.318900 ms CreateObjectMapping: 0.222100 ms MarkObjects: 2.132400 ms  DeleteObjects: 0.110800 ms)

========================================================================
Received Prepare
Registering precompiled user dll's ...
Registered in 0.003239 seconds.
Begin MonoManager ReloadAssembly
Native extension for WindowsStandalone target not found
Refreshing native plugins compatible for Editor in 0.69 ms, found 2 plugins.
Preloading 0 native plugins for Editor in 0.00 ms.
Mono: successfully reloaded assembly
- Completed reload, in  1.008 seconds
Platform modules already initialized, skipping
Refreshing native plugins compatible for Editor in 1.01 ms, found 2 plugins.
Preloading 0 native plugins for Editor in 0.00 ms.
Unloading 3380 Unused Serialized files (Serialized files now loaded: 0)
System memory in use before: 132.0 MB.
System memory in use after: 132.1 MB.

Unloading 17 unused Assets to reduce memory usage. Loaded Objects now: 3851.
Total: 2.548600 ms (FindLiveObjects: 0.304300 ms CreateObjectMapping: 0.221600 ms MarkObjects: 1.930300 ms  DeleteObjects: 0.091500 ms)

========================================================================
Received Import Request.
  Time since last request: 108.597360 seconds.
  path: Assets/Prefabs/EnemyType2_Pin.prefab
  artifactKey: Guid(b46145190be39fe439664942d853ab1b) Importer(815301076,1909f56bfc062723c751e8b465ee728b)
Start importing Assets/Prefabs/EnemyType2_Pin.prefab using Guid(b46145190be39fe439664942d853ab1b) Importer(815301076,1909f56bfc062723c751e8b465ee728b)  -> (artifact id: '89d918d8175296b0fd857f258159992b') in 0.058869 seconds 
========================================================================
Received Import Request.
  Time since last request: 4.229888 seconds.
  path: Assets/Prefabs/EnemyType2_Pin.prefab
  artifactKey: Guid(b46145190be39fe439664942d853ab1b) Importer(815301076,1909f56bfc062723c751e8b465ee728b)
Start importing Assets/Prefabs/EnemyType2_Pin.prefab using Guid(b46145190be39fe439664942d853ab1b) Importer(815301076,1909f56bfc062723c751e8b465ee728b)  -> (artifact id: '31fddde4aab1a064a202fc50563f39b7') in 0.011764 seconds 
========================================================================
Received Import Request.
  Time since last request: 32.045088 seconds.
  path: Assets/Prefabs/EnemyType2_Pin.prefab
  artifactKey: Guid(b46145190be39fe439664942d853ab1b) Importer(815301076,1909f56bfc062723c751e8b465ee728b)
Start importing Assets/Prefabs/EnemyType2_Pin.prefab using Guid(b46145190be39fe439664942d853ab1b) Importer(815301076,1909f56bfc062723c751e8b465ee728b)  -> (artifact id: '47226e0dd6a30614704ee0abe7e986c4') in 0.012113 seconds 
========================================================================
Received Import Request.
  Time since last request: 28.547892 seconds.
  path: Assets/Prefabs/EnemyType2_Pin.prefab
  artifactKey: Guid(b46145190be39fe439664942d853ab1b) Importer(815301076,1909f56bfc062723c751e8b465ee728b)
Start importing Assets/Prefabs/EnemyType2_Pin.prefab using Guid(b46145190be39fe439664942d853ab1b) Importer(815301076,1909f56bfc062723c751e8b465ee728b)  -> (artifact id: '2233377ebddc8b6ca9d95990ef912a0e') in 0.010247 seconds 
========================================================================
Received Import Request.
  Time since last request: 106.816442 seconds.
  path: Assets/Prefabs/EnemyType2_Pin.prefab
  artifactKey: Guid(b46145190be39fe439664942d853ab1b) Importer(815301076,1909f56bfc062723c751e8b465ee728b)
Start importing Assets/Prefabs/EnemyType2_Pin.prefab using Guid(b46145190be39fe439664942d853ab1b) Importer(815301076,1909f56bfc062723c751e8b465ee728b)  -> (artifact id: 'c5885e50ef64ca73bedf464fd7d05bb4') in 0.013095 seconds 
========================================================================
Received Prepare
Registering precompiled user dll's ...
Registered in 0.003619 seconds.
Begin MonoManager ReloadAssembly
Native extension for WindowsStandalone target not found
Refreshing native plugins compatible for Editor in 0.59 ms, found 2 plugins.
Preloading 0 native plugins for Editor in 0.00 ms.
Mono: successfully reloaded assembly
- Completed reload, in  0.985 seconds
Platform modules already initialized, skipping
Refreshing native plugins compatible for Editor in 0.63 ms, found 2 plugins.
Preloading 0 native plugins for Editor in 0.00 ms.
Unloading 3380 Unused Serialized files (Serialized files now loaded: 0)
System memory in use before: 132.1 MB.
System memory in use after: 132.2 MB.

Unloading 17 unused Assets to reduce memory usage. Loaded Objects now: 3855.
Total: 2.272000 ms (FindLiveObjects: 0.250400 ms CreateObjectMapping: 0.165400 ms MarkObjects: 1.767100 ms  DeleteObjects: 0.088100 ms)

========================================================================
Received Prepare
Registering precompiled user dll's ...
Registered in 0.003956 seconds.
Begin MonoManager ReloadAssembly
Native extension for WindowsStandalone target not found
Refreshing native plugins compatible for Editor in 0.61 ms, found 2 plugins.
Preloading 0 native plugins for Editor in 0.00 ms.
Mono: successfully reloaded assembly
- Completed reload, in  0.967 seconds
Platform modules already initialized, skipping
Refreshing native plugins compatible for Editor in 0.65 ms, found 2 plugins.
Preloading 0 native plugins for Editor in 0.00 ms.
Unloading 3380 Unused Serialized files (Serialized files now loaded: 0)
System memory in use before: 132.1 MB.
System memory in use after: 132.2 MB.

Unloading 17 unused Assets to reduce memory usage. Loaded Objects now: 3858.
Total: 3.846300 ms (FindLiveObjects: 0.277400 ms CreateObjectMapping: 0.202300 ms MarkObjects: 3.006600 ms  DeleteObjects: 0.358500 ms)

========================================================================
Received Import Request.
  Time since last request: 100.090442 seconds.
  path: Assets/Prefabs/EnemyType2.prefab
  artifactKey: Guid(4d491055591f19044927b31489d01178) Importer(815301076,1909f56bfc062723c751e8b465ee728b)
Start importing Assets/Prefabs/EnemyType2.prefab using Guid(4d491055591f19044927b31489d01178) Importer(815301076,1909f56bfc062723c751e8b465ee728b)  -> (artifact id: '9fe6a69d83e3a418f9e77ce87d885871') in 0.059912 seconds 
========================================================================
Received Import Request.
  Time since last request: 0.506003 seconds.
  path: Assets/Prefabs/EnemyType2.prefab
  artifactKey: Guid(4d491055591f19044927b31489d01178) Importer(815301076,1909f56bfc062723c751e8b465ee728b)
Start importing Assets/Prefabs/EnemyType2.prefab using Guid(4d491055591f19044927b31489d01178) Importer(815301076,1909f56bfc062723c751e8b465ee728b)  -> (artifact id: 'c8f66d7fd483d55ea8e0fdfd3b9057bd') in 0.023411 seconds 
========================================================================
Received Import Request.
  Time since last request: 160.758833 seconds.
  path: Assets/Prefabs/EnemyType2.prefab
  artifactKey: Guid(4d491055591f19044927b31489d01178) Importer(815301076,1909f56bfc062723c751e8b465ee728b)
Start importing Assets/Prefabs/EnemyType2.prefab using Guid(4d491055591f19044927b31489d01178) Importer(815301076,1909f56bfc062723c751e8b465ee728b)  -> (artifact id: 'e16cf596560e42e6e3df30d6984636bd') in 0.016765 seconds 
========================================================================
Received Prepare
Registering precompiled user dll's ...
Registered in 0.006688 seconds.
Begin MonoManager ReloadAssembly
Native extension for WindowsStandalone target not found
Refreshing native plugins compatible for Editor in 0.61 ms, found 2 plugins.
Preloading 0 native plugins for Editor in 0.00 ms.
Mono: successfully reloaded assembly
- Completed reload, in  0.896 seconds
Platform modules already initialized, skipping
Refreshing native plugins compatible for Editor in 0.59 ms, found 2 plugins.
Preloading 0 native plugins for Editor in 0.00 ms.
Unloading 3380 Unused Serialized files (Serialized files now loaded: 0)
System memory in use before: 132.1 MB.
System memory in use after: 132.2 MB.

Unloading 17 unused Assets to reduce memory usage. Loaded Objects now: 3862.
Total: 2.805900 ms (FindLiveObjects: 0.256000 ms CreateObjectMapping: 0.166900 ms MarkObjects: 2.288700 ms  DeleteObjects: 0.093200 ms)

========================================================================
Received Prepare
Registering precompiled user dll's ...
Registered in 0.003640 seconds.
Begin MonoManager ReloadAssembly
Native extension for WindowsStandalone target not found
Refreshing native plugins compatible for Editor in 0.75 ms, found 2 plugins.
Preloading 0 native plugins for Editor in 0.00 ms.
Mono: successfully reloaded assembly
- Completed reload, in  0.973 seconds
Platform modules already initialized, skipping
Refreshing native plugins compatible for Editor in 0.77 ms, found 2 plugins.
Preloading 0 native plugins for Editor in 0.00 ms.
Unloading 3380 Unused Serialized files (Serialized files now loaded: 0)
System memory in use before: 132.1 MB.
System memory in use after: 132.2 MB.

Unloading 17 unused Assets to reduce memory usage. Loaded Objects now: 3865.
Total: 3.206500 ms (FindLiveObjects: 0.442900 ms CreateObjectMapping: 0.254600 ms MarkObjects: 2.397500 ms  DeleteObjects: 0.109800 ms)

========================================================================
Received Import Request.
  Time since last request: 572.574025 seconds.
  path: Assets/Prefabs/EnemyType2.prefab
  artifactKey: Guid(4d491055591f19044927b31489d01178) Importer(815301076,1909f56bfc062723c751e8b465ee728b)
Start importing Assets/Prefabs/EnemyType2.prefab using Guid(4d491055591f19044927b31489d01178) Importer(815301076,1909f56bfc062723c751e8b465ee728b)  -> (artifact id: '50836c89fac4d19273a7681839c9b351') in 0.059578 seconds 
========================================================================
Received Import Request.
  Time since last request: 22.393487 seconds.
  path: Assets/Prefabs/EnemyType2.prefab
  artifactKey: Guid(4d491055591f19044927b31489d01178) Importer(815301076,1909f56bfc062723c751e8b465ee728b)
Start importing Assets/Prefabs/EnemyType2.prefab using Guid(4d491055591f19044927b31489d01178) Importer(815301076,1909f56bfc062723c751e8b465ee728b)  -> (artifact id: 'ae982323f4f8311268d0f1491f42f695') in 0.016871 seconds 
========================================================================
Received Prepare
Registering precompiled user dll's ...
Registered in 0.003222 seconds.
Begin MonoManager ReloadAssembly
Native extension for WindowsStandalone target not found
Refreshing native plugins compatible for Editor in 0.81 ms, found 2 plugins.
Preloading 0 native plugins for Editor in 0.00 ms.
Mono: successfully reloaded assembly
- Completed reload, in  0.960 seconds
Platform modules already initialized, skipping
Refreshing native plugins compatible for Editor in 0.72 ms, found 2 plugins.
Preloading 0 native plugins for Editor in 0.00 ms.
Unloading 3380 Unused Serialized files (Serialized files now loaded: 0)
System memory in use before: 132.1 MB.
System memory in use after: 132.2 MB.

Unloading 17 unused Assets to reduce memory usage. Loaded Objects now: 3869.
Total: 3.007800 ms (FindLiveObjects: 0.275400 ms CreateObjectMapping: 0.186800 ms MarkObjects: 2.434600 ms  DeleteObjects: 0.109500 ms)

========================================================================
Received Import Request.
  Time since last request: 18.098219 seconds.
  path: Assets/Prefabs/EnemyType2.prefab
  artifactKey: Guid(4d491055591f19044927b31489d01178) Importer(815301076,1909f56bfc062723c751e8b465ee728b)
Start importing Assets/Prefabs/EnemyType2.prefab using Guid(4d491055591f19044927b31489d01178) Importer(815301076,1909f56bfc062723c751e8b465ee728b)  -> (artifact id: '5f350e8c27306b345dc133f1561277dc') in 0.077819 seconds 
========================================================================
Received Import Request.
  Time since last request: 5.738273 seconds.
  path: Assets/Prefabs/EnemyType2.prefab
  artifactKey: Guid(4d491055591f19044927b31489d01178) Importer(815301076,1909f56bfc062723c751e8b465ee728b)
Start importing Assets/Prefabs/EnemyType2.prefab using Guid(4d491055591f19044927b31489d01178) Importer(815301076,1909f56bfc062723c751e8b465ee728b)  -> (artifact id: '7ccebc1773aca4e44fefab0a2bdc1873') in 0.018678 seconds 
========================================================================
Received Import Request.
  Time since last request: 2.465245 seconds.
  path: Assets/Prefabs/EnemyType2.prefab
  artifactKey: Guid(4d491055591f19044927b31489d01178) Importer(815301076,1909f56bfc062723c751e8b465ee728b)
Start importing Assets/Prefabs/EnemyType2.prefab using Guid(4d491055591f19044927b31489d01178) Importer(815301076,1909f56bfc062723c751e8b465ee728b)  -> (artifact id: '7cee02ada23132e54cc2230bfd19ef50') in 0.016172 seconds 
========================================================================
Received Import Request.
  Time since last request: 23.314908 seconds.
  path: Assets/Prefabs/EnemyType2.prefab
  artifactKey: Guid(4d491055591f19044927b31489d01178) Importer(815301076,1909f56bfc062723c751e8b465ee728b)
Start importing Assets/Prefabs/EnemyType2.prefab using Guid(4d491055591f19044927b31489d01178) Importer(815301076,1909f56bfc062723c751e8b465ee728b)  -> (artifact id: '735e06314e790e32e57124c126553f7d') in 0.013442 seconds 
========================================================================
Received Prepare
Registering precompiled user dll's ...
Registered in 0.003187 seconds.
Begin MonoManager ReloadAssembly
Native extension for WindowsStandalone target not found
Refreshing native plugins compatible for Editor in 0.61 ms, found 2 plugins.
Preloading 0 native plugins for Editor in 0.00 ms.
Mono: successfully reloaded assembly
- Completed reload, in  1.014 seconds
Platform modules already initialized, skipping
Refreshing native plugins compatible for Editor in 0.61 ms, found 2 plugins.
Preloading 0 native plugins for Editor in 0.00 ms.
Unloading 3380 Unused Serialized files (Serialized files now loaded: 0)
System memory in use before: 132.1 MB.
System memory in use after: 132.2 MB.

Unloading 17 unused Assets to reduce memory usage. Loaded Objects now: 3873.
Total: 2.331900 ms (FindLiveObjects: 0.228400 ms CreateObjectMapping: 0.135600 ms MarkObjects: 1.873300 ms  DeleteObjects: 0.093600 ms)

========================================================================
Received Prepare
Registering precompiled user dll's ...
Registered in 0.003202 seconds.
Begin MonoManager ReloadAssembly
Native extension for WindowsStandalone target not found
Refreshing native plugins compatible for Editor in 0.61 ms, found 2 plugins.
Preloading 0 native plugins for Editor in 0.00 ms.
Mono: successfully reloaded assembly
- Completed reload, in  0.954 seconds
Platform modules already initialized, skipping
Refreshing native plugins compatible for Editor in 0.87 ms, found 2 plugins.
Preloading 0 native plugins for Editor in 0.00 ms.
Unloading 3380 Unused Serialized files (Serialized files now loaded: 0)
System memory in use before: 132.2 MB.
System memory in use after: 132.3 MB.

Unloading 17 unused Assets to reduce memory usage. Loaded Objects now: 3876.
Total: 2.835900 ms (FindLiveObjects: 0.285100 ms CreateObjectMapping: 0.213600 ms MarkObjects: 2.225300 ms  DeleteObjects: 0.110900 ms)

========================================================================
Received Import Request.
  Time since last request: 117.841472 seconds.
  path: Assets/Prefabs/EnemyType2.prefab
  artifactKey: Guid(4d491055591f19044927b31489d01178) Importer(815301076,1909f56bfc062723c751e8b465ee728b)
Start importing Assets/Prefabs/EnemyType2.prefab using Guid(4d491055591f19044927b31489d01178) Importer(815301076,1909f56bfc062723c751e8b465ee728b)  -> (artifact id: '27a70213cbe45ea91d5e544df5b02628') in 0.056192 seconds 
========================================================================
Received Import Request.
  Time since last request: 151.259147 seconds.
  path: ProjectSettings/TagManager.asset
  artifactKey: Guid(00000000000000003000000000000000) Importer(815301076,1909f56bfc062723c751e8b465ee728b)
Start importing ProjectSettings/TagManager.asset using Guid(00000000000000003000000000000000) Importer(815301076,1909f56bfc062723c751e8b465ee728b)  -> (artifact id: 'a361259224e59fa74115876096a2a5e7') in 0.011535 seconds 
AssetImportWorkerClient::OnTransportError - code=2 error=End of file
