Using pre-set license
Built from '2021.1/staging' branch; Version is '2021.1.6f1 (c0fade0cc7e9) revision 12647134'; Using compiler version '192528614'; Build Type 'Release'
OS: 'Windows 10 Pro; OS build 19042.1288; Version 2009; 64bit' Language: 'en' Physical Memory: 31938 MB
BatchMode: 1, IsHumanControllingUs: 0, StartBugReporterOnCrash: 0, Is64bit: 1, IsPro: 0

 COMMAND LINE ARGUMENTS:
D:\Unity\Editor\Unity.exe
-adb2
-batchMode
-noUpm
-name
AssetImportWorker0
-projectPath
D:/INEMURI
-logFile
Logs/AssetImportWorker0.log
-srvPort
49865
Successfully changed project path to: D:/INEMURI
D:/INEMURI
Using Asset Import Pipeline V2.
Refreshing native plugins compatible for Editor in 101.26 ms, found 2 plugins.
Preloading 0 native plugins for Editor in 0.00 ms.
Initialize engine version: 2021.1.6f1 (c0fade0cc7e9)
[Subsystems] Discovering subsystems at path D:/Unity/Editor/Data/Resources/UnitySubsystems
[Subsystems] Discovering subsystems at path D:/INEMURI/Assets
GfxDevice: creating device client; threaded=0; jobified=0
Direct3D:
    Version:  Direct3D 11.0 [level 11.1]
    Renderer: NVIDIA GeForce RTX 3070 (ID=0x2484)
    Vendor:   NVIDIA
    VRAM:     8043 MB
    Driver:   30.0.14.9649
Initialize mono
Mono path[0] = 'D:/Unity/Editor/Data/Managed'
Mono path[1] = 'D:/Unity/Editor/Data/MonoBleedingEdge/lib/mono/unityjit'
Mono config path = 'D:/Unity/Editor/Data/MonoBleedingEdge/etc'
Using monoOptions --debugger-agent=transport=dt_socket,embedding=1,server=y,suspend=n,address=127.0.0.1:56212
Begin MonoManager ReloadAssembly
Registering precompiled unity dll's ...
Register platform support module: D:/Unity/Editor/Data/PlaybackEngines/WindowsStandaloneSupport/UnityEditor.WindowsStandalone.Extensions.dll
Registered in 0.001466 seconds.
Native extension for WindowsStandalone target not found
Refreshing native plugins compatible for Editor in 111.45 ms, found 2 plugins.
Preloading 0 native plugins for Editor in 0.00 ms.
Mono: successfully reloaded assembly
- Completed reload, in  1.475 seconds
Platform modules already initialized, skipping
Registering precompiled user dll's ...
Registered in 0.003527 seconds.
Begin MonoManager ReloadAssembly
Native extension for WindowsStandalone target not found
Refreshing native plugins compatible for Editor in 105.83 ms, found 2 plugins.
Preloading 0 native plugins for Editor in 0.00 ms.
Mono: successfully reloaded assembly
- Completed reload, in  1.236 seconds
Platform modules already initialized, skipping
========================================================================
Worker process is ready to serve import requests
Launched and connected shader compiler UnityShaderCompiler.exe after 0.06 seconds
Refreshing native plugins compatible for Editor in 0.83 ms, found 2 plugins.
Preloading 0 native plugins for Editor in 0.00 ms.
Unloading 3392 Unused Serialized files (Serialized files now loaded: 0)
System memory in use before: 128.4 MB.
System memory in use after: 128.6 MB.

Unloading 24 unused Assets to reduce memory usage. Loaded Objects now: 3850.
Total: 4.803700 ms (FindLiveObjects: 0.370900 ms CreateObjectMapping: 0.085100 ms MarkObjects: 4.252400 ms  DeleteObjects: 0.093500 ms)

========================================================================
Received Import Request.
  path: Assets/Scripts/ButtonSounds.cs
  artifactKey: Guid(38810fd60754efa45a022887f9f4a828) Importer(815301076,1909f56bfc062723c751e8b465ee728b)
Start importing Assets/Scripts/ButtonSounds.cs using Guid(38810fd60754efa45a022887f9f4a828) Importer(815301076,1909f56bfc062723c751e8b465ee728b)  -> (artifact id: '2cb2bc9028e623376f2bf0392a644dcd') in 0.036035 seconds 
========================================================================
Received Import Request.
  Time since last request: 33.451890 seconds.
  path: Assets/Scripts/PlayerController.cs
  artifactKey: Guid(9e8b32b6b8fb33b418299c06a1896695) Importer(815301076,1909f56bfc062723c751e8b465ee728b)
Start importing Assets/Scripts/PlayerController.cs using Guid(9e8b32b6b8fb33b418299c06a1896695) Importer(815301076,1909f56bfc062723c751e8b465ee728b)  -> (artifact id: '69793cd290311a59f22cf46d8bf53a91') in 0.004567 seconds 
========================================================================
Received Import Request.
  Time since last request: 248.817560 seconds.
  path: Assets/Scenes/GameOverScene.unity
  artifactKey: Guid(611f2b6bf4d834f46a143d2d0b64469f) Importer(815301076,1909f56bfc062723c751e8b465ee728b)
Start importing Assets/Scenes/GameOverScene.unity using Guid(611f2b6bf4d834f46a143d2d0b64469f) Importer(815301076,1909f56bfc062723c751e8b465ee728b)  -> (artifact id: 'c68f7a6dbcefdb006c9a5cd725254ee0') in 0.026187 seconds 
AssetImportWorkerClient::OnTransportError - code=2 error=End of file
